<?xml version="1.0" encoding="utf-8"?><testsuites name="pytest tests"><testsuite name="pytest" errors="0" failures="0" skipped="0" tests="8" time="2.112" timestamp="2026-06-04T08:17:40.565041+00:00" hostname="agent-env-ddfd5b8e-c502-4477-a186-d5fc13d0a5de"><testcase classname="backend.tests.test_iteration_20" name="test_pdf_export_submitted" time="0.506" /><testcase classname="backend.tests.test_iteration_20" name="test_pdf_export_draft" time="0.249" /><testcase classname="backend.tests.test_iteration_20" name="test_excel_export" time="0.147" /><testcase classname="backend.tests.test_iteration_20" name="test_excel_sheets" time="0.332" /><testcase classname="backend.tests.test_iteration_20" name="test_excel_import" time="0.243" /><testcase classname="backend.tests.test_iteration_20" name="test_pdf_config_get" time="0.107" /><testcase classname="backend.tests.test_iteration_20" name="test_pdf_config_put" time="0.331" /><testcase classname="backend.tests.test_iteration_20" name="test_pdf_config_preview" time="0.122" /></testsuite></testsuites>