<?xml version="1.0" encoding="utf-8"?><testsuites name="pytest tests"><testsuite name="pytest" errors="0" failures="0" skipped="0" tests="19" time="3.097" timestamp="2026-06-03T14:17:27.947843+00:00" hostname="agent-env-ddfd5b8e-c502-4477-a186-d5fc13d0a5de"><testcase classname="backend.tests.test_features_iteration16.TestAssessmentTemplates" name="test_templates_list_returns_200" time="0.532" /><testcase classname="backend.tests.test_features_iteration16.TestAssessmentTemplates" name="test_templates_list_has_data" time="0.127" /><testcase classname="backend.tests.test_features_iteration16.TestAssessmentTemplates" name="test_templates_have_published_ones" time="0.125" /><testcase classname="backend.tests.test_features_iteration16.TestAssessmentTemplates" name="test_kn3_template_exists" time="0.117" /><testcase classname="backend.tests.test_features_iteration16.TestAssessmentTemplates" name="test_template_has_question_count" time="0.124" /><testcase classname="backend.tests.test_features_iteration16.TestSystemRecovery" name="test_collections_list_200" time="0.119" /><testcase classname="backend.tests.test_features_iteration16.TestSystemRecovery" name="test_collections_count_is_16" time="0.119" /><testcase classname="backend.tests.test_features_iteration16.TestSystemRecovery" name="test_collections_have_expected_fields" time="0.138" /><testcase classname="backend.tests.test_features_iteration16.TestSystemRecovery" name="test_export_json_format" time="0.111" /><testcase classname="backend.tests.test_features_iteration16.TestSystemRecovery" name="test_export_zip_format" time="0.113" /><testcase classname="backend.tests.test_features_iteration16.TestSystemRecovery" name="test_dedup_endpoint" time="0.116" /><testcase classname="backend.tests.test_features_iteration16.TestSystemRecovery" name="test_recovery_requires_auth" time="0.129" /><testcase classname="backend.tests.test_features_iteration16.TestAssessmentExcel" name="test_excel_template_download" time="0.138" /><testcase classname="backend.tests.test_features_iteration16.TestAssessmentExcel" name="test_excel_import_valid_file" time="0.396" /><testcase classname="backend.tests.test_features_iteration16.TestAssessmentExcel" name="test_excel_import_wrong_format" time="0.110" /><testcase classname="backend.tests.test_features_iteration16.TestCmsHomeBlocks" name="test_home_blocks_not_empty" time="0.127" /><testcase classname="backend.tests.test_features_iteration16.TestCmsHomeBlocks" name="test_home_blocks_have_keys" time="0.123" /><testcase classname="backend.tests.test_features_iteration16.TestCmsCases" name="test_cases_list" time="0.127" /><testcase classname="backend.tests.test_features_iteration16.TestCmsCases" name="test_case_demo_slug_valid_values" time="0.118" /></testsuite></testsuites>