<?xml version="1.0" encoding="utf-8"?><testsuites name="pytest tests"><testsuite name="pytest" errors="0" failures="1" skipped="0" tests="7" time="1.902" timestamp="2026-06-04T05:25:23.704012+00:00" hostname="agent-env-ddfd5b8e-c502-4477-a186-d5fc13d0a5de"><testcase classname="backend.tests.test_features_iteration18.TestDemoFlow" name="test_demo_request_access" time="0.142"><failure message="AssertionError: Unexpected: 422 {&quot;success&quot;:false,&quot;error&quot;:{&quot;code&quot;:&quot;VALIDATION_ERROR&quot;,&quot;message&quot;:&quot;Validasi gagal&quot;,&quot;details&quot;:[{&quot;loc&quot;:[&quot;body&quot;,&quot;case_slug&quot;],&quot;msg&quot;:&quot;Field required&quot;,&quot;type&quot;:&quot;missing&quot;}]}}&#10;assert 422 in (200, 201, 404)&#10; +  where 422 = &lt;Response [422]&gt;.status_code">backend/tests/test_features_iteration18.py:42: in test_demo_request_access
    assert r.status_code in (200, 201, 404), f"Unexpected: {r.status_code} {r.text}"
E   AssertionError: Unexpected: 422 {"success":false,"error":{"code":"VALIDATION_ERROR","message":"Validasi gagal","details":[{"loc":["body","case_slug"],"msg":"Field required","type":"missing"}]}}
E   assert 422 in (200, 201, 404)
E    +  where 422 = &lt;Response [422]&gt;.status_code</failure></testcase><testcase classname="backend.tests.test_features_iteration18.TestPDFExport" name="test_export_pdf_draft_session" time="0.533" /><testcase classname="backend.tests.test_features_iteration18.TestPDFExport" name="test_export_pdf_submitted_session" time="0.127" /><testcase classname="backend.tests.test_features_iteration18.TestExcelExport" name="test_export_answers_excel_draft" time="0.200" /><testcase classname="backend.tests.test_features_iteration18.TestExcelExport" name="test_export_answers_excel_submitted" time="0.135" /><testcase classname="backend.tests.test_features_iteration18.TestExcelImport" name="test_import_into_submitted_returns_409" time="0.290" /><testcase classname="backend.tests.test_features_iteration18.TestExcelImport" name="test_import_answers_excel_draft" time="0.374" /></testsuite></testsuites>