<?xml version="1.0" encoding="utf-8"?><testsuites name="pytest tests"><testsuite name="pytest" errors="0" failures="0" skipped="0" tests="23" time="5.414" timestamp="2026-06-03T17:30:50.167451+00:00" hostname="agent-env-ddfd5b8e-c502-4477-a186-d5fc13d0a5de"><testcase classname="backend.tests.test_assessment_flow_iter17.TestTemplateListAndKN3" name="test_templates_list_200" time="0.515" /><testcase classname="backend.tests.test_assessment_flow_iter17.TestTemplateListAndKN3" name="test_kn3_template_exists" time="0.134" /><testcase classname="backend.tests.test_assessment_flow_iter17.TestTemplateListAndKN3" name="test_kn3_has_82_questions" time="0.130" /><testcase classname="backend.tests.test_assessment_flow_iter17.TestTemplateListAndKN3" name="test_kn3_has_14_domains" time="0.180" /><testcase classname="backend.tests.test_assessment_flow_iter17.TestTemplateListAndKN3" name="test_kn3_get_template_detail" time="0.291" /><testcase classname="backend.tests.test_assessment_flow_iter17.TestTemplateListAndKN3" name="test_kn3_questions_have_text" time="0.274" /><testcase classname="backend.tests.test_assessment_flow_iter17.TestTemplateEditing" name="test_edit_published_template_success" time="0.293" /><testcase classname="backend.tests.test_assessment_flow_iter17.TestTemplateEditing" name="test_edit_kn3_template_with_sections" time="0.523" /><testcase classname="backend.tests.test_assessment_flow_iter17.TestTogglePublish" name="test_toggle_publish_kn3" time="0.275" /><testcase classname="backend.tests.test_assessment_flow_iter17.TestTogglePublish" name="test_toggle_publish_again_kn3" time="0.123" /><testcase classname="backend.tests.test_assessment_flow_iter17.TestCreateSession" name="test_create_simple_session" time="0.235" /><testcase classname="backend.tests.test_assessment_flow_iter17.TestCreateSession" name="test_session_appears_in_list" time="0.146" /><testcase classname="backend.tests.test_assessment_flow_iter17.TestFullAssessmentFlow" name="test_get_session_by_token" time="0.423" /><testcase classname="backend.tests.test_assessment_flow_iter17.TestFullAssessmentFlow" name="test_save_answers_via_token" time="0.237" /><testcase classname="backend.tests.test_assessment_flow_iter17.TestFullAssessmentFlow" name="test_submit_session_via_token" time="0.146" /><testcase classname="backend.tests.test_assessment_flow_iter17.TestFullAssessmentFlow" name="test_session_status_after_submit" time="0.118" /><testcase classname="backend.tests.test_assessment_flow_iter17.TestFullAssessmentFlow" name="test_admin_view_session_detail" time="0.132" /><testcase classname="backend.tests.test_assessment_flow_iter17.TestFullAssessmentFlow" name="test_pdf_export" time="0.165" /><testcase classname="backend.tests.test_assessment_flow_iter17.TestFullAssessmentFlow" name="test_cannot_submit_twice" time="0.350" /><testcase classname="backend.tests.test_assessment_flow_iter17.TestAdminSessionsAndStats" name="test_sessions_list_200" time="0.151" /><testcase classname="backend.tests.test_assessment_flow_iter17.TestAdminSessionsAndStats" name="test_sessions_have_progress" time="0.127" /><testcase classname="backend.tests.test_assessment_flow_iter17.TestAdminSessionsAndStats" name="test_stats_endpoint" time="0.106" /><testcase classname="backend.tests.test_assessment_flow_iter17.TestAdminSessionsAndStats" name="test_session_detail_with_submitted" time="0.256" /></testsuite></testsuites>