<?xml version="1.0" encoding="utf-8"?><testsuites name="pytest tests"><testsuite name="pytest" errors="0" failures="1" skipped="0" tests="12" time="2.665" timestamp="2026-06-04T09:49:29.848729+00:00" hostname="agent-env-ddfd5b8e-c502-4477-a186-d5fc13d0a5de"><testcase classname="backend.tests.test_iter20_pdf_excel.TestPDFExport" name="test_pdf_export_submitted_session_status" time="0.574" /><testcase classname="backend.tests.test_iter20_pdf_excel.TestPDFExport" name="test_pdf_export_submitted_session_size" time="0.158" /><testcase classname="backend.tests.test_iter20_pdf_excel.TestPDFExport" name="test_pdf_export_submitted_content_type" time="0.119" /><testcase classname="backend.tests.test_iter20_pdf_excel.TestPDFExport" name="test_pdf_export_draft_session" time="0.204" /><testcase classname="backend.tests.test_iter20_pdf_excel.TestExcelExportImport" name="test_excel_export_status" time="0.145" /><testcase classname="backend.tests.test_iter20_pdf_excel.TestExcelExportImport" name="test_excel_export_content_type" time="0.167" /><testcase classname="backend.tests.test_iter20_pdf_excel.TestExcelExportImport" name="test_excel_has_opts_sheet" time="0.362" /><testcase classname="backend.tests.test_iter20_pdf_excel.TestExcelExportImport" name="test_excel_opts_sheet_has_labels" time="0.141" /><testcase classname="backend.tests.test_iter20_pdf_excel.TestExcelExportImport" name="test_excel_import" time="0.237"><failure message="AssertionError: Import failed: 409 {&quot;success&quot;:false,&quot;error&quot;:{&quot;code&quot;:&quot;ALREADY_SUBMITTED&quot;,&quot;message&quot;:&quot;Sesi sudah disubmit, tidak bisa import jawaban&quot;,&quot;details&quot;:[]}}&#10;assert 409 == 200&#10; +  where 409 = &lt;Response [409]&gt;.status_code">backend/tests/test_iter20_pdf_excel.py:106: in test_excel_import
    assert import_resp.status_code == 200, f"Import failed: {import_resp.status_code} {import_resp.text[:300]}"
E   AssertionError: Import failed: 409 {"success":false,"error":{"code":"ALREADY_SUBMITTED","message":"Sesi sudah disubmit, tidak bisa import jawaban","details":[]}}
E   assert 409 == 200
E    +  where 409 = &lt;Response [409]&gt;.status_code</failure></testcase><testcase classname="backend.tests.test_iter20_pdf_excel.TestCMSPDFConfig" name="test_get_pdf_config" time="0.110" /><testcase classname="backend.tests.test_iter20_pdf_excel.TestCMSPDFConfig" name="test_put_pdf_config" time="0.201" /><testcase classname="backend.tests.test_iter20_pdf_excel.TestCMSPDFConfig" name="test_pdf_preview" time="0.149" /></testsuite></testsuites>