<?xml version="1.0" encoding="utf-8"?><testsuites name="pytest tests"><testsuite name="pytest" errors="0" failures="0" skipped="0" tests="7" time="1.418" timestamp="2026-06-04T05:54:21.333953+00:00" hostname="agent-env-ddfd5b8e-c502-4477-a186-d5fc13d0a5de"><testcase classname="backend.tests.test_pdf_features_iter19.TestPDFConfig" name="test_get_config_returns_200" time="0.483" /><testcase classname="backend.tests.test_pdf_features_iter19.TestPDFConfig" name="test_get_config_has_required_keys" time="0.121" /><testcase classname="backend.tests.test_pdf_features_iter19.TestPDFConfig" name="test_put_config_and_verify" time="0.206" /><testcase classname="backend.tests.test_pdf_features_iter19.TestPDFPreview" name="test_preview_returns_pdf" time="0.170" /><testcase classname="backend.tests.test_pdf_features_iter19.TestPDFPreview" name="test_preview_with_session_id" time="0.118" /><testcase classname="backend.tests.test_pdf_features_iter19.TestPDFExport" name="test_export_submitted_session" time="0.122" /><testcase classname="backend.tests.test_pdf_features_iter19.TestPDFExport" name="test_export_draft_session_no_409" time="0.126" /></testsuite></testsuites>